Using pre-set license
Built from '2020.3/staging' branch; Version is '2020.3.20f1 (41c4e627c95f) revision 4310246'; Using compiler version '192528614'; Build Type 'Release'
OS: 'Windows 10 Pro; OS build 19044.2251; Version 2009; 64bit' Language: 'en' Physical Memory: 16320 MB
BatchMode: 1, IsHumanControllingUs: 0, StartBugReporterOnCrash: 0, Is64bit: 1, IsPro: 0

COMMAND LINE ARGUMENTS:
C:\Program Files\Unity\Hub\Editor\2020.3.20f1\Editor\Unity.exe
-adb2
-batchMode
-noUpm
-name
AssetImportWorker0
-projectPath
C:/Users/Kryloth/3dChess
-logFile
Logs/AssetImportWorker0.log
-srvPort
56674
Successfully changed project path to: C:/Users/Kryloth/3dChess
C:/Users/Kryloth/3dChess
Using Asset Import Pipeline V2.
Refreshing native plugins compatible for Editor in 39.96 ms, found 2 plugins.
Preloading 0 native plugins for Editor in 0.00 ms.
Initialize engine version: 2020.3.20f1 (41c4e627c95f)
[Subsystems] Discovering subsystems at path C:/Program Files/Unity/Hub/Editor/2020.3.20f1/Editor/Data/Resources/UnitySubsystems
[Subsystems] Discovering subsystems at path C:/Users/Kryloth/3dChess/Assets
GfxDevice: creating device client; threaded=0
Direct3D:
    Version:  Direct3D 11.0 [level 11.1]
    Renderer: NVIDIA GeForce GTX 1060 6GB (ID=0x1c03)
    Vendor:   
    VRAM:     6043 MB
    Driver:   31.0.15.2698
Initialize mono
Mono path[0] = 'C:/Program Files/Unity/Hub/Editor/2020.3.20f1/Editor/Data/Managed'
Mono path[1] = 'C:/Program Files/Unity/Hub/Editor/2020.3.20f1/Editor/Data/MonoBleedingEdge/lib/mono/unityjit'
Mono config path = 'C:/Program Files/Unity/Hub/Editor/2020.3.20f1/Editor/Data/MonoBleedingEdge/etc'
Using monoOptions --debugger-agent=transport=dt_socket,embedding=1,server=y,suspend=n,address=127.0.0.1:56568
Begin MonoManager ReloadAssembly
Registering precompiled unity dll's ...
Register platform support module: C:/Program Files/Unity/Hub/Editor/2020.3.20f1/Editor/Data/PlaybackEngines/WindowsStandaloneSupport/UnityEditor.WindowsStandalone.Extensions.dll
Registered in 0.002873 seconds.
Native extension for WindowsStandalone target not found
Refreshing native plugins compatible for Editor in 39.36 ms, found 2 plugins.
Preloading 0 native plugins for Editor in 0.00 ms.
Mono: successfully reloaded assembly
- Completed reload, in  1.278 seconds
Domain Reload Profiling:
	ReloadAssembly (1279ms)
		BeginReloadAssembly (70ms)
			ExecutionOrderSort (0ms)
			DisableScriptedObjects (0ms)
			BackupInstance (0ms)
			ReleaseScriptingObjects (0ms)
			CreateAndSetChildDomain (1ms)
		EndReloadAssembly (495ms)
			LoadAssemblies (66ms)
			RebuildTransferFunctionScriptingTraits (0ms)
			SetupTypeCache (184ms)
			ReleaseScriptCaches (0ms)
			RebuildScriptCaches (37ms)
			SetupLoadedEditorAssemblies (191ms)
				LogAssemblyErrors (0ms)
				InitializePlatformSupportModulesInManaged (4ms)
				SetLoadedEditorAssemblies (0ms)
				RefreshPlugins (39ms)
				BeforeProcessingInitializeOnLoad (15ms)
				ProcessInitializeOnLoadAttributes (98ms)
				ProcessInitializeOnLoadMethodAttributes (34ms)
				AfterProcessingInitializeOnLoad (0ms)
				EditorAssembliesLoaded (0ms)
			ExecutionOrderSort2 (0ms)
			AwakeInstancesAfterBackupRestoration (0ms)
Platform modules already initialized, skipping
Registering precompiled user dll's ...
Registered in 0.004404 seconds.
Begin MonoManager ReloadAssembly
Native extension for WindowsStandalone target not found
Refreshing native plugins compatible for Editor in 0.32 ms, found 2 plugins.
Preloading 0 native plugins for Editor in 0.00 ms.
Mono: successfully reloaded assembly
- Completed reload, in  1.182 seconds
Domain Reload Profiling:
	ReloadAssembly (1183ms)
		BeginReloadAssembly (174ms)
			ExecutionOrderSort (0ms)
			DisableScriptedObjects (5ms)
			BackupInstance (0ms)
			ReleaseScriptingObjects (0ms)
			CreateAndSetChildDomain (21ms)
		EndReloadAssembly (931ms)
			LoadAssemblies (106ms)
			RebuildTransferFunctionScriptingTraits (0ms)
			SetupTypeCache (333ms)
			ReleaseScriptCaches (0ms)
			RebuildScriptCaches (47ms)
			SetupLoadedEditorAssemblies (347ms)
				LogAssemblyErrors (0ms)
				InitializePlatformSupportModulesInManaged (5ms)
				SetLoadedEditorAssemblies (0ms)
				RefreshPlugins (0ms)
				BeforeProcessingInitializeOnLoad (91ms)
				ProcessInitializeOnLoadAttributes (233ms)
				ProcessInitializeOnLoadMethodAttributes (6ms)
				AfterProcessingInitializeOnLoad (11ms)
				EditorAssembliesLoaded (0ms)
			ExecutionOrderSort2 (0ms)
			AwakeInstancesAfterBackupRestoration (8ms)
Platform modules already initialized, skipping
========================================================================
Worker process is ready to serve import requests
Launched and connected shader compiler UnityShaderCompiler.exe after 0.06 seconds
Refreshing native plugins compatible for Editor in 0.34 ms, found 2 plugins.
Preloading 0 native plugins for Editor in 0.00 ms.
Unloading 1456 Unused Serialized files (Serialized files now loaded: 0)
System memory in use before: 69.0 MB.
System memory in use after: 69.1 MB.

Unloading 16 unused Assets to reduce memory usage. Loaded Objects now: 1891.
Total: 3.038000 ms (FindLiveObjects: 0.157100 ms CreateObjectMapping: 0.050100 ms MarkObjects: 2.742700 ms  DeleteObjects: 0.086500 ms)

AssetImportParameters requested are different than current active one (requested -> active):
  custom:framework-win-MediaFoundation: 216162199b28c13a410421893ffa2e32 -> 
  custom:video-decoder-ogg-theora: a1e56fd34408186e4bbccfd4996cb3dc -> 
  custom:container-muxer-webm: aa71ff27fc2769a1b78a27578f13a17b -> 
  custom:container-demuxer-webm: 4f35f7cbe854078d1ac9338744f61a02 -> 
  custom:container-demuxer-ogg: 62fdf1f143b41e24485cea50d1cbac27 -> 
  custom:video-encoder-webm-vp8: eb34c28f22e8b96e1ab97ce403110664 -> 
  custom:video-decoder-webm-vp8: 9c59270c3fd7afecdb556c50c9e8de78 -> 
  custom:audio-decoder-ogg-vorbis: bf7c407c2cedff20999df2af8eb42d56 -> 
  custom:audio-encoder-webm-vorbis: bf7c407c2cedff20999df2af8eb42d56 -> 
========================================================================
Received Import Request.
  path: Assets/Scenes
  artifactKey: Guid(5099655d3f2088c4587500a8fb482209) Importer(815301076,1909f56bfc062723c751e8b465ee728b)
Start importing Assets/Scenes using Guid(5099655d3f2088c4587500a8fb482209) Importer(815301076,1909f56bfc062723c751e8b465ee728b)  -> (artifact id: '8bba89c72f0d884135b8f62501528612') in 0.009172 seconds 
  Import took 0.011865 seconds .

========================================================================
Received Import Request.
  Time since last request: 0.000194 seconds.
  path: Assets/Assets
  artifactKey: Guid(bda948c2530893749bc46bff683b0244) Importer(815301076,1909f56bfc062723c751e8b465ee728b)
Start importing Assets/Assets using Guid(bda948c2530893749bc46bff683b0244) Importer(815301076,1909f56bfc062723c751e8b465ee728b)  -> (artifact id: 'a80d515efad0ca31ec3b4e65073d2ac0') in 0.008998 seconds 
  Import took 0.011868 seconds .

========================================================================
Received Import Request.
  Time since last request: 54.582643 seconds.
  path: Assets/Assets/Scenes
  artifactKey: Guid(131a6b21c8605f84396be9f6751fb6e3) Importer(815301076,1909f56bfc062723c751e8b465ee728b)
Start importing Assets/Assets/Scenes using Guid(131a6b21c8605f84396be9f6751fb6e3) Importer(815301076,1909f56bfc062723c751e8b465ee728b)  -> (artifact id: 'df75b7d1a31c5b4f73fd45661b403b04') in 0.003103 seconds 
  Import took 0.006023 seconds .

========================================================================
Received Import Request.
  Time since last request: 0.880848 seconds.
  path: Assets/Assets/Scenes/Chess.unity
  artifactKey: Guid(62c5940117907de43becfd2505b9c2d4) Importer(815301076,1909f56bfc062723c751e8b465ee728b)
Start importing Assets/Assets/Scenes/Chess.unity using Guid(62c5940117907de43becfd2505b9c2d4) Importer(815301076,1909f56bfc062723c751e8b465ee728b)  -> (artifact id: '627c4eca3a1c7383d84b24586df647b3') in 0.018161 seconds 
  Import took 0.021068 seconds .

========================================================================
Received Prepare
Registering precompiled user dll's ...
Registered in 0.004614 seconds.
Begin MonoManager ReloadAssembly
Native extension for WindowsStandalone target not found
Refreshing native plugins compatible for Editor in 0.37 ms, found 2 plugins.
Preloading 0 native plugins for Editor in 0.00 ms.
Mono: successfully reloaded assembly
- Completed reload, in  1.116 seconds
Domain Reload Profiling:
	ReloadAssembly (1116ms)
		BeginReloadAssembly (135ms)
			ExecutionOrderSort (0ms)
			DisableScriptedObjects (5ms)
			BackupInstance (0ms)
			ReleaseScriptingObjects (0ms)
			CreateAndSetChildDomain (35ms)
		EndReloadAssembly (909ms)
			LoadAssemblies (98ms)
			RebuildTransferFunctionScriptingTraits (0ms)
			SetupTypeCache (319ms)
			ReleaseScriptCaches (1ms)
			RebuildScriptCaches (44ms)
			SetupLoadedEditorAssemblies (324ms)
				LogAssemblyErrors (0ms)
				InitializePlatformSupportModulesInManaged (7ms)
				SetLoadedEditorAssemblies (1ms)
				RefreshPlugins (0ms)
				BeforeProcessingInitializeOnLoad (89ms)
				ProcessInitializeOnLoadAttributes (214ms)
				ProcessInitializeOnLoadMethodAttributes (4ms)
				AfterProcessingInitializeOnLoad (9ms)
				EditorAssembliesLoaded (0ms)
			ExecutionOrderSort2 (0ms)
			AwakeInstancesAfterBackupRestoration (8ms)
Platform modules already initialized, skipping
Refreshing native plugins compatible for Editor in 0.36 ms, found 2 plugins.
Preloading 0 native plugins for Editor in 0.00 ms.
Unloading 1438 Unused Serialized files (Serialized files now loaded: 0)
System memory in use before: 67.7 MB.
System memory in use after: 67.8 MB.

Unloading 11 unused Assets to reduce memory usage. Loaded Objects now: 1893.
Total: 3.515000 ms (FindLiveObjects: 0.138700 ms CreateObjectMapping: 0.047600 ms MarkObjects: 3.295700 ms  DeleteObjects: 0.031800 ms)

AssetImportParameters requested are different than current active one (requested -> active):
  custom:framework-win-MediaFoundation: 216162199b28c13a410421893ffa2e32 -> 
  custom:video-decoder-ogg-theora: a1e56fd34408186e4bbccfd4996cb3dc -> 
  custom:container-muxer-webm: aa71ff27fc2769a1b78a27578f13a17b -> 
  custom:container-demuxer-webm: 4f35f7cbe854078d1ac9338744f61a02 -> 
  custom:container-demuxer-ogg: 62fdf1f143b41e24485cea50d1cbac27 -> 
  custom:video-encoder-webm-vp8: eb34c28f22e8b96e1ab97ce403110664 -> 
  custom:video-decoder-webm-vp8: 9c59270c3fd7afecdb556c50c9e8de78 -> 
  custom:audio-decoder-ogg-vorbis: bf7c407c2cedff20999df2af8eb42d56 -> 
  custom:audio-encoder-webm-vorbis: bf7c407c2cedff20999df2af8eb42d56 -> 
========================================================================
Received Prepare
Registering precompiled user dll's ...
Registered in 0.004582 seconds.
Begin MonoManager ReloadAssembly
Native extension for WindowsStandalone target not found
Refreshing native plugins compatible for Editor in 0.34 ms, found 2 plugins.
Preloading 0 native plugins for Editor in 0.00 ms.
Mono: successfully reloaded assembly
- Completed reload, in  1.081 seconds
Domain Reload Profiling:
	ReloadAssembly (1081ms)
		BeginReloadAssembly (122ms)
			ExecutionOrderSort (0ms)
			DisableScriptedObjects (6ms)
			BackupInstance (0ms)
			ReleaseScriptingObjects (0ms)
			CreateAndSetChildDomain (35ms)
		EndReloadAssembly (885ms)
			LoadAssemblies (98ms)
			RebuildTransferFunctionScriptingTraits (0ms)
			SetupTypeCache (299ms)
			ReleaseScriptCaches (1ms)
			RebuildScriptCaches (44ms)
			SetupLoadedEditorAssemblies (309ms)
				LogAssemblyErrors (0ms)
				InitializePlatformSupportModulesInManaged (6ms)
				SetLoadedEditorAssemblies (0ms)
				RefreshPlugins (0ms)
				BeforeProcessingInitializeOnLoad (87ms)
				ProcessInitializeOnLoadAttributes (203ms)
				ProcessInitializeOnLoadMethodAttributes (4ms)
				AfterProcessingInitializeOnLoad (8ms)
				EditorAssembliesLoaded (0ms)
			ExecutionOrderSort2 (0ms)
			AwakeInstancesAfterBackupRestoration (7ms)
Platform modules already initialized, skipping
Refreshing native plugins compatible for Editor in 0.35 ms, found 2 plugins.
Preloading 0 native plugins for Editor in 0.00 ms.
Unloading 1438 Unused Serialized files (Serialized files now loaded: 0)
System memory in use before: 67.7 MB.
System memory in use after: 67.8 MB.

Unloading 11 unused Assets to reduce memory usage. Loaded Objects now: 1895.
Total: 3.266400 ms (FindLiveObjects: 0.146200 ms CreateObjectMapping: 0.052900 ms MarkObjects: 3.033100 ms  DeleteObjects: 0.032800 ms)

AssetImportParameters requested are different than current active one (requested -> active):
  custom:framework-win-MediaFoundation: 216162199b28c13a410421893ffa2e32 -> 
  custom:video-decoder-ogg-theora: a1e56fd34408186e4bbccfd4996cb3dc -> 
  custom:container-muxer-webm: aa71ff27fc2769a1b78a27578f13a17b -> 
  custom:container-demuxer-webm: 4f35f7cbe854078d1ac9338744f61a02 -> 
  custom:container-demuxer-ogg: 62fdf1f143b41e24485cea50d1cbac27 -> 
  custom:video-encoder-webm-vp8: eb34c28f22e8b96e1ab97ce403110664 -> 
  custom:video-decoder-webm-vp8: 9c59270c3fd7afecdb556c50c9e8de78 -> 
  custom:audio-decoder-ogg-vorbis: bf7c407c2cedff20999df2af8eb42d56 -> 
  custom:audio-encoder-webm-vorbis: bf7c407c2cedff20999df2af8eb42d56 -> 
========================================================================
Received Prepare
Registering precompiled user dll's ...
Registered in 0.004466 seconds.
Begin MonoManager ReloadAssembly
Native extension for WindowsStandalone target not found
Refreshing native plugins compatible for Editor in 0.35 ms, found 2 plugins.
Preloading 0 native plugins for Editor in 0.00 ms.
Mono: successfully reloaded assembly
- Completed reload, in  1.076 seconds
Domain Reload Profiling:
	ReloadAssembly (1076ms)
		BeginReloadAssembly (118ms)
			ExecutionOrderSort (0ms)
			DisableScriptedObjects (6ms)
			BackupInstance (0ms)
			ReleaseScriptingObjects (0ms)
			CreateAndSetChildDomain (34ms)
		EndReloadAssembly (887ms)
			LoadAssemblies (97ms)
			RebuildTransferFunctionScriptingTraits (0ms)
			SetupTypeCache (312ms)
			ReleaseScriptCaches (1ms)
			RebuildScriptCaches (43ms)
			SetupLoadedEditorAssemblies (322ms)
				LogAssemblyErrors (0ms)
				InitializePlatformSupportModulesInManaged (7ms)
				SetLoadedEditorAssemblies (0ms)
				RefreshPlugins (0ms)
				BeforeProcessingInitializeOnLoad (91ms)
				ProcessInitializeOnLoadAttributes (209ms)
				ProcessInitializeOnLoadMethodAttributes (4ms)
				AfterProcessingInitializeOnLoad (9ms)
				EditorAssembliesLoaded (0ms)
			ExecutionOrderSort2 (0ms)
			AwakeInstancesAfterBackupRestoration (9ms)
Platform modules already initialized, skipping
Refreshing native plugins compatible for Editor in 0.38 ms, found 2 plugins.
Preloading 0 native plugins for Editor in 0.00 ms.
Unloading 1452 Unused Serialized files (Serialized files now loaded: 0)
System memory in use before: 69.6 MB.
System memory in use after: 69.0 MB.

Unloading 15 unused Assets to reduce memory usage. Loaded Objects now: 1907.
Total: 3.606500 ms (FindLiveObjects: 0.144100 ms CreateObjectMapping: 0.044400 ms MarkObjects: 2.796700 ms  DeleteObjects: 0.620400 ms)

AssetImportParameters requested are different than current active one (requested -> active):
  custom:framework-win-MediaFoundation: 216162199b28c13a410421893ffa2e32 -> 
  custom:video-decoder-ogg-theora: a1e56fd34408186e4bbccfd4996cb3dc -> 
  custom:container-muxer-webm: aa71ff27fc2769a1b78a27578f13a17b -> 
  custom:container-demuxer-webm: 4f35f7cbe854078d1ac9338744f61a02 -> 
  custom:container-demuxer-ogg: 62fdf1f143b41e24485cea50d1cbac27 -> 
  custom:video-encoder-webm-vp8: eb34c28f22e8b96e1ab97ce403110664 -> 
  custom:video-decoder-webm-vp8: 9c59270c3fd7afecdb556c50c9e8de78 -> 
  custom:audio-decoder-ogg-vorbis: bf7c407c2cedff20999df2af8eb42d56 -> 
  custom:audio-encoder-webm-vorbis: bf7c407c2cedff20999df2af8eb42d56 -> 
========================================================================
Received Import Request.
  Time since last request: 332.495582 seconds.
  path: Assets/Scenes/SampleScene.unity
  artifactKey: Guid(9fc0d4010bbf28b4594072e72b8655ab) Importer(815301076,1909f56bfc062723c751e8b465ee728b)
Start importing Assets/Scenes/SampleScene.unity using Guid(9fc0d4010bbf28b4594072e72b8655ab) Importer(815301076,1909f56bfc062723c751e8b465ee728b)  -> (artifact id: 'baacc0ae8dabb85b723818a1a21bca85') in 0.022766 seconds 
  Import took 0.025362 seconds .

========================================================================
Received Import Request.
  Time since last request: 6.179336 seconds.
  path: Assets/Scenes 1
  artifactKey: Guid(9b695ca0e0938844eb543de8c00ee621) Importer(815301076,1909f56bfc062723c751e8b465ee728b)
Start importing Assets/Scenes 1 using Guid(9b695ca0e0938844eb543de8c00ee621) Importer(815301076,1909f56bfc062723c751e8b465ee728b)  -> (artifact id: '285ab882d0c0543e176ceae4d5e40bcf') in 0.008537 seconds 
  Import took 0.012281 seconds .

========================================================================
Received Import Request.
  Time since last request: 0.763600 seconds.
  path: Assets/Scenes 1/main_scene.unity
  artifactKey: Guid(890249be201c6bc4ebe76ddbaedc24a7) Importer(815301076,1909f56bfc062723c751e8b465ee728b)
Start importing Assets/Scenes 1/main_scene.unity using Guid(890249be201c6bc4ebe76ddbaedc24a7) Importer(815301076,1909f56bfc062723c751e8b465ee728b)  -> (artifact id: '1214b8f53bb1b577fe5671d2be3e5705') in 0.010005 seconds 
  Import took 0.013159 seconds .

========================================================================
Received Prepare
Registering precompiled user dll's ...
Registered in 0.003787 seconds.
Begin MonoManager ReloadAssembly
Native extension for WindowsStandalone target not found
Refreshing native plugins compatible for Editor in 0.39 ms, found 2 plugins.
Preloading 0 native plugins for Editor in 0.00 ms.
Mono: successfully reloaded assembly
- Completed reload, in  1.070 seconds
Domain Reload Profiling:
	ReloadAssembly (1071ms)
		BeginReloadAssembly (124ms)
			ExecutionOrderSort (0ms)
			DisableScriptedObjects (4ms)
			BackupInstance (0ms)
			ReleaseScriptingObjects (0ms)
			CreateAndSetChildDomain (33ms)
		EndReloadAssembly (874ms)
			LoadAssemblies (106ms)
			RebuildTransferFunctionScriptingTraits (0ms)
			SetupTypeCache (304ms)
			ReleaseScriptCaches (3ms)
			RebuildScriptCaches (43ms)
			SetupLoadedEditorAssemblies (307ms)
				LogAssemblyErrors (0ms)
				InitializePlatformSupportModulesInManaged (7ms)
				SetLoadedEditorAssemblies (1ms)
				RefreshPlugins (0ms)
				BeforeProcessingInitializeOnLoad (88ms)
				ProcessInitializeOnLoadAttributes (197ms)
				ProcessInitializeOnLoadMethodAttributes (4ms)
				AfterProcessingInitializeOnLoad (8ms)
				EditorAssembliesLoaded (0ms)
			ExecutionOrderSort2 (0ms)
			AwakeInstancesAfterBackupRestoration (7ms)
Platform modules already initialized, skipping
Refreshing native plugins compatible for Editor in 0.47 ms, found 2 plugins.
Preloading 0 native plugins for Editor in 0.00 ms.
Unloading 1451 Unused Serialized files (Serialized files now loaded: 0)
System memory in use before: 69.6 MB.
System memory in use after: 68.9 MB.

Unloading 15 unused Assets to reduce memory usage. Loaded Objects now: 1909.
Total: 12.227000 ms (FindLiveObjects: 0.177500 ms CreateObjectMapping: 0.066400 ms MarkObjects: 11.089100 ms  DeleteObjects: 0.892000 ms)

AssetImportParameters requested are different than current active one (requested -> active):
  custom:framework-win-MediaFoundation: 216162199b28c13a410421893ffa2e32 -> 
  custom:video-decoder-ogg-theora: a1e56fd34408186e4bbccfd4996cb3dc -> 
  custom:container-muxer-webm: aa71ff27fc2769a1b78a27578f13a17b -> 
  custom:container-demuxer-webm: 4f35f7cbe854078d1ac9338744f61a02 -> 
  custom:container-demuxer-ogg: 62fdf1f143b41e24485cea50d1cbac27 -> 
  custom:video-encoder-webm-vp8: eb34c28f22e8b96e1ab97ce403110664 -> 
  custom:video-decoder-webm-vp8: 9c59270c3fd7afecdb556c50c9e8de78 -> 
  custom:audio-decoder-ogg-vorbis: bf7c407c2cedff20999df2af8eb42d56 -> 
  custom:audio-encoder-webm-vorbis: bf7c407c2cedff20999df2af8eb42d56 -> 
========================================================================
Received Prepare
Registering precompiled user dll's ...
Registered in 0.003816 seconds.
Begin MonoManager ReloadAssembly
Native extension for WindowsStandalone target not found
Refreshing native plugins compatible for Editor in 0.36 ms, found 2 plugins.
Preloading 0 native plugins for Editor in 0.00 ms.
Mono: successfully reloaded assembly
- Completed reload, in  1.067 seconds
Domain Reload Profiling:
	ReloadAssembly (1067ms)
		BeginReloadAssembly (126ms)
			ExecutionOrderSort (0ms)
			DisableScriptedObjects (5ms)
			BackupInstance (0ms)
			ReleaseScriptingObjects (0ms)
			CreateAndSetChildDomain (36ms)
		EndReloadAssembly (865ms)
			LoadAssemblies (106ms)
			RebuildTransferFunctionScriptingTraits (0ms)
			SetupTypeCache (299ms)
			ReleaseScriptCaches (1ms)
			RebuildScriptCaches (42ms)
			SetupLoadedEditorAssemblies (313ms)
				LogAssemblyErrors (0ms)
				InitializePlatformSupportModulesInManaged (6ms)
				SetLoadedEditorAssemblies (0ms)
				RefreshPlugins (0ms)
				BeforeProcessingInitializeOnLoad (88ms)
				ProcessInitializeOnLoadAttributes (204ms)
				ProcessInitializeOnLoadMethodAttributes (5ms)
				AfterProcessingInitializeOnLoad (10ms)
				EditorAssembliesLoaded (0ms)
			ExecutionOrderSort2 (0ms)
			AwakeInstancesAfterBackupRestoration (7ms)
Platform modules already initialized, skipping
Refreshing native plugins compatible for Editor in 0.35 ms, found 2 plugins.
Preloading 0 native plugins for Editor in 0.00 ms.
Unloading 1451 Unused Serialized files (Serialized files now loaded: 0)
System memory in use before: 69.6 MB.
System memory in use after: 68.9 MB.

Unloading 15 unused Assets to reduce memory usage. Loaded Objects now: 1911.
Total: 3.803700 ms (FindLiveObjects: 0.160100 ms CreateObjectMapping: 0.051000 ms MarkObjects: 2.924000 ms  DeleteObjects: 0.667500 ms)

AssetImportParameters requested are different than current active one (requested -> active):
  custom:framework-win-MediaFoundation: 216162199b28c13a410421893ffa2e32 -> 
  custom:video-decoder-ogg-theora: a1e56fd34408186e4bbccfd4996cb3dc -> 
  custom:container-muxer-webm: aa71ff27fc2769a1b78a27578f13a17b -> 
  custom:container-demuxer-webm: 4f35f7cbe854078d1ac9338744f61a02 -> 
  custom:container-demuxer-ogg: 62fdf1f143b41e24485cea50d1cbac27 -> 
  custom:video-encoder-webm-vp8: eb34c28f22e8b96e1ab97ce403110664 -> 
  custom:video-decoder-webm-vp8: 9c59270c3fd7afecdb556c50c9e8de78 -> 
  custom:audio-decoder-ogg-vorbis: bf7c407c2cedff20999df2af8eb42d56 -> 
  custom:audio-encoder-webm-vorbis: bf7c407c2cedff20999df2af8eb42d56 -> 
========================================================================
Received Prepare
Registering precompiled user dll's ...
Registered in 0.004144 seconds.
Begin MonoManager ReloadAssembly
Native extension for WindowsStandalone target not found
Refreshing native plugins compatible for Editor in 0.33 ms, found 2 plugins.
Preloading 0 native plugins for Editor in 0.00 ms.
Mono: successfully reloaded assembly
- Completed reload, in  1.100 seconds
Domain Reload Profiling:
	ReloadAssembly (1101ms)
		BeginReloadAssembly (119ms)
			ExecutionOrderSort (0ms)
			DisableScriptedObjects (4ms)
			BackupInstance (0ms)
			ReleaseScriptingObjects (0ms)
			CreateAndSetChildDomain (39ms)
		EndReloadAssembly (912ms)
			LoadAssemblies (98ms)
			RebuildTransferFunctionScriptingTraits (0ms)
			SetupTypeCache (309ms)
			ReleaseScriptCaches (1ms)
			RebuildScriptCaches (49ms)
			SetupLoadedEditorAssemblies (346ms)
				LogAssemblyErrors (0ms)
				InitializePlatformSupportModulesInManaged (5ms)
				SetLoadedEditorAssemblies (0ms)
				RefreshPlugins (0ms)
				BeforeProcessingInitializeOnLoad (103ms)
				ProcessInitializeOnLoadAttributes (221ms)
				ProcessInitializeOnLoadMethodAttributes (6ms)
				AfterProcessingInitializeOnLoad (11ms)
				EditorAssembliesLoaded (0ms)
			ExecutionOrderSort2 (0ms)
			AwakeInstancesAfterBackupRestoration (8ms)
Platform modules already initialized, skipping
Refreshing native plugins compatible for Editor in 0.37 ms, found 2 plugins.
Preloading 0 native plugins for Editor in 0.00 ms.
Unloading 1451 Unused Serialized files (Serialized files now loaded: 0)
System memory in use before: 69.6 MB.
System memory in use after: 68.9 MB.

Unloading 15 unused Assets to reduce memory usage. Loaded Objects now: 1913.
Total: 3.507300 ms (FindLiveObjects: 0.133600 ms CreateObjectMapping: 0.041500 ms MarkObjects: 2.670100 ms  DeleteObjects: 0.660600 ms)

AssetImportParameters requested are different than current active one (requested -> active):
  custom:framework-win-MediaFoundation: 216162199b28c13a410421893ffa2e32 -> 
  custom:video-decoder-ogg-theora: a1e56fd34408186e4bbccfd4996cb3dc -> 
  custom:container-muxer-webm: aa71ff27fc2769a1b78a27578f13a17b -> 
  custom:container-demuxer-webm: 4f35f7cbe854078d1ac9338744f61a02 -> 
  custom:container-demuxer-ogg: 62fdf1f143b41e24485cea50d1cbac27 -> 
  custom:video-encoder-webm-vp8: eb34c28f22e8b96e1ab97ce403110664 -> 
  custom:video-decoder-webm-vp8: 9c59270c3fd7afecdb556c50c9e8de78 -> 
  custom:audio-decoder-ogg-vorbis: bf7c407c2cedff20999df2af8eb42d56 -> 
  custom:audio-encoder-webm-vorbis: bf7c407c2cedff20999df2af8eb42d56 -> 
========================================================================
Received Import Request.
  Time since last request: 404.418929 seconds.
  path: Assets/Assets/Settings
  artifactKey: Guid(153513c824ebb4f4896d7f650fa73ccd) Importer(815301076,1909f56bfc062723c751e8b465ee728b)
Start importing Assets/Assets/Settings using Guid(153513c824ebb4f4896d7f650fa73ccd) Importer(815301076,1909f56bfc062723c751e8b465ee728b)  -> (artifact id: '1fa9f60ba88c4dfd708906037b02eb84') in 0.013098 seconds 
  Import took 0.016251 seconds .

========================================================================
Received Import Request.
  Time since last request: 0.171216 seconds.
  path: Assets/Assets/Settings/Settings.asset
  artifactKey: Guid(d2b05b1ed402249ebb9c51f0c34168d7) Importer(815301076,1909f56bfc062723c751e8b465ee728b)
Start importing Assets/Assets/Settings/Settings.asset using Guid(d2b05b1ed402249ebb9c51f0c34168d7) Importer(815301076,1909f56bfc062723c751e8b465ee728b)  -> (artifact id: '210e4d83a5ff41114d4962a062c9b004') in 0.053854 seconds 
  Import took 0.056357 seconds .

========================================================================
Received Import Request.
  Time since last request: 0.000371 seconds.
  path: Assets/Assets/Settings/Versus AI.asset
  artifactKey: Guid(07354b8b24bc84041a24ef5e3845c64c) Importer(815301076,1909f56bfc062723c751e8b465ee728b)
Start importing Assets/Assets/Settings/Versus AI.asset using Guid(07354b8b24bc84041a24ef5e3845c64c) Importer(815301076,1909f56bfc062723c751e8b465ee728b)  -> (artifact id: '9dca5cb4d6b9eecdac8546d57264a6bd') in 0.011416 seconds 
  Import took 0.014880 seconds .

========================================================================
Received Import Request.
  Time since last request: 11.583265 seconds.
  path: Assets/Assets/Book/Book.txt
  artifactKey: Guid(7473c7aa9594747efb1706cc9c268ef3) Importer(815301076,1909f56bfc062723c751e8b465ee728b)
Start importing Assets/Assets/Book/Book.txt using Guid(7473c7aa9594747efb1706cc9c268ef3) Importer(815301076,1909f56bfc062723c751e8b465ee728b)  -> (artifact id: '088a62bfd8a63be0874b94d9187528ec') in 0.015218 seconds 
  Import took 0.017865 seconds .

========================================================================
Received Import Request.
  Time since last request: 6.369352 seconds.
  path: Assets/Assets/Book/Games.txt
  artifactKey: Guid(bbcceab18256848a69da97b5b57aeed7) Importer(815301076,1909f56bfc062723c751e8b465ee728b)
Start importing Assets/Assets/Book/Games.txt using Guid(bbcceab18256848a69da97b5b57aeed7) Importer(815301076,1909f56bfc062723c751e8b465ee728b)  -> (artifact id: '2d9244878db036dc04aa9f4e91ecff4e') in 0.011985 seconds 
  Import took 0.026307 seconds .

========================================================================
Received Import Request.
  Time since last request: 4.012177 seconds.
  path: Assets/Assets/Book/PGNs
  artifactKey: Guid(37680e27241e544db9f3c4cfeeb3965a) Importer(815301076,1909f56bfc062723c751e8b465ee728b)
Start importing Assets/Assets/Book/PGNs using Guid(37680e27241e544db9f3c4cfeeb3965a) Importer(815301076,1909f56bfc062723c751e8b465ee728b)  -> (artifact id: 'c0a0622cf8855fecfbee55f63afc0471') in 0.009942 seconds 
  Import took 0.013020 seconds .

========================================================================
Received Import Request.
  Time since last request: 1.178394 seconds.
  path: Assets/Assets/Book/PGNs/Baden2018.txt
  artifactKey: Guid(3c5b752e9f5984687bc040881de24e8b) Importer(815301076,1909f56bfc062723c751e8b465ee728b)
Start importing Assets/Assets/Book/PGNs/Baden2018.txt using Guid(3c5b752e9f5984687bc040881de24e8b) Importer(815301076,1909f56bfc062723c751e8b465ee728b)  -> (artifact id: '65f184bd357c0a14ab86d26a2f18f017') in 0.009074 seconds 
  Import took 0.011923 seconds .

========================================================================
Received Import Request.
  Time since last request: 8.903859 seconds.
  path: Assets/Assets/Book/PGNs/Baku2008.txt
  artifactKey: Guid(69eabfbc760664deb8762195c34690a3) Importer(815301076,1909f56bfc062723c751e8b465ee728b)
Start importing Assets/Assets/Book/PGNs/Baku2008.txt using Guid(69eabfbc760664deb8762195c34690a3) Importer(815301076,1909f56bfc062723c751e8b465ee728b)  -> (artifact id: '4c1d42c1d107e093fe4f5b76078bcb7f') in 0.008772 seconds 
  Import took 0.011363 seconds .

========================================================================
Received Import Request.
  Time since last request: 3.243422 seconds.
  path: Assets/Assets/Book/PGNs/Bermuda2005.txt
  artifactKey: Guid(54d1cdedf792949c88c6ad0663127f62) Importer(815301076,1909f56bfc062723c751e8b465ee728b)
Start importing Assets/Assets/Book/PGNs/Bermuda2005.txt using Guid(54d1cdedf792949c88c6ad0663127f62) Importer(815301076,1909f56bfc062723c751e8b465ee728b)  -> (artifact id: 'b9d931b7173d81fa882102d822551c95') in 0.009411 seconds 
  Import took 0.012073 seconds .

========================================================================
Received Import Request.
  Time since last request: 1.052577 seconds.
  path: Assets/Assets/Book/PGNs/Biel2007.txt
  artifactKey: Guid(610aa65fd3eb84f7180ac65a78f1ae89) Importer(815301076,1909f56bfc062723c751e8b465ee728b)
Start importing Assets/Assets/Book/PGNs/Biel2007.txt using Guid(610aa65fd3eb84f7180ac65a78f1ae89) Importer(815301076,1909f56bfc062723c751e8b465ee728b)  -> (artifact id: 'f65fe52eebc5f48af195711f0548316f') in 0.008865 seconds 
  Import took 0.011982 seconds .

========================================================================
Received Import Request.
  Time since last request: 0.935769 seconds.
  path: Assets/Assets/Book/PGNs/Biel2008.txt
  artifactKey: Guid(f73f72b9470c1442698fdc9e609dcf9f) Importer(815301076,1909f56bfc062723c751e8b465ee728b)
Start importing Assets/Assets/Book/PGNs/Biel2008.txt using Guid(f73f72b9470c1442698fdc9e609dcf9f) Importer(815301076,1909f56bfc062723c751e8b465ee728b)  -> (artifact id: '167e001e1075258eb06b1c54a43ecb0c') in 0.008312 seconds 
  Import took 0.011006 seconds .

========================================================================
Received Import Request.
  Time since last request: 0.992765 seconds.
  path: Assets/Assets/Book/PGNs/Biel2011.txt
  artifactKey: Guid(f4762d2bd8996499184fde0f0bd88888) Importer(815301076,1909f56bfc062723c751e8b465ee728b)
Start importing Assets/Assets/Book/PGNs/Biel2011.txt using Guid(f4762d2bd8996499184fde0f0bd88888) Importer(815301076,1909f56bfc062723c751e8b465ee728b)  -> (artifact id: 'b59f9176c665a5f1e343b0353ccc4131') in 0.008364 seconds 
  Import took 0.012294 seconds .

========================================================================
Received Import Request.
  Time since last request: 1.495094 seconds.
  path: Assets/Assets/Book/PGNs/Biel2012.txt
  artifactKey: Guid(0efac2aa96cf94b60a4ea244c5428c73) Importer(815301076,1909f56bfc062723c751e8b465ee728b)
Start importing Assets/Assets/Book/PGNs/Biel2012.txt using Guid(0efac2aa96cf94b60a4ea244c5428c73) Importer(815301076,1909f56bfc062723c751e8b465ee728b)  -> (artifact id: 'c06b5609fcf410ec3432175dac86f26a') in 0.020566 seconds 
  Import took 0.023893 seconds .

========================================================================
Received Import Request.
  Time since last request: 8508.082803 seconds.
  path: Assets/Standard Assets
  artifactKey: Guid(0b4b541f597cff243805e1ab64c70d0c) Importer(815301076,1909f56bfc062723c751e8b465ee728b)
Start importing Assets/Standard Assets using Guid(0b4b541f597cff243805e1ab64c70d0c) Importer(815301076,1909f56bfc062723c751e8b465ee728b)  -> (artifact id: 'c2f5dbb404a766507a06e1d98ed1f29e') in 0.012290 seconds 
  Import took 0.015778 seconds .

========================================================================
Received Prepare
Registering precompiled user dll's ...
Registered in 0.003709 seconds.
Begin MonoManager ReloadAssembly
Native extension for WindowsStandalone target not found
Refreshing native plugins compatible for Editor in 0.32 ms, found 2 plugins.
Preloading 0 native plugins for Editor in 0.00 ms.
Mono: successfully reloaded assembly
- Completed reload, in  1.181 seconds
Domain Reload Profiling:
	ReloadAssembly (1182ms)
		BeginReloadAssembly (132ms)
			ExecutionOrderSort (0ms)
			DisableScriptedObjects (5ms)
			BackupInstance (0ms)
			ReleaseScriptingObjects (0ms)
			CreateAndSetChildDomain (35ms)
		EndReloadAssembly (964ms)
			LoadAssemblies (107ms)
			RebuildTransferFunctionScriptingTraits (0ms)
			SetupTypeCache (322ms)
			ReleaseScriptCaches (1ms)
			RebuildScriptCaches (40ms)
			SetupLoadedEditorAssemblies (391ms)
				LogAssemblyErrors (0ms)
				InitializePlatformSupportModulesInManaged (6ms)
				SetLoadedEditorAssemblies (0ms)
				RefreshPlugins (0ms)
				BeforeProcessingInitializeOnLoad (176ms)
				ProcessInitializeOnLoadAttributes (195ms)
				ProcessInitializeOnLoadMethodAttributes (4ms)
				AfterProcessingInitializeOnLoad (8ms)
				EditorAssembliesLoaded (0ms)
			ExecutionOrderSort2 (0ms)
			AwakeInstancesAfterBackupRestoration (7ms)
Platform modules already initialized, skipping
Refreshing native plugins compatible for Editor in 0.32 ms, found 2 plugins.
Preloading 0 native plugins for Editor in 0.00 ms.
Unloading 1393 Unused Serialized files (Serialized files now loaded: 0)
System memory in use before: 67.2 MB.
System memory in use after: 67.3 MB.

Unloading 62 unused Assets to reduce memory usage. Loaded Objects now: 1864.
Total: 3.019800 ms (FindLiveObjects: 0.150300 ms CreateObjectMapping: 0.048600 ms MarkObjects: 2.750800 ms  DeleteObjects: 0.068900 ms)

AssetImportParameters requested are different than current active one (requested -> active):
  custom:framework-win-MediaFoundation: 216162199b28c13a410421893ffa2e32 -> 
  custom:video-decoder-ogg-theora: a1e56fd34408186e4bbccfd4996cb3dc -> 
  custom:container-muxer-webm: aa71ff27fc2769a1b78a27578f13a17b -> 
  custom:container-demuxer-webm: 4f35f7cbe854078d1ac9338744f61a02 -> 
  custom:container-demuxer-ogg: 62fdf1f143b41e24485cea50d1cbac27 -> 
  custom:video-encoder-webm-vp8: eb34c28f22e8b96e1ab97ce403110664 -> 
  custom:video-decoder-webm-vp8: 9c59270c3fd7afecdb556c50c9e8de78 -> 
  custom:audio-decoder-ogg-vorbis: bf7c407c2cedff20999df2af8eb42d56 -> 
  custom:audio-encoder-webm-vorbis: bf7c407c2cedff20999df2af8eb42d56 -> 
========================================================================
Received Import Request.
  Time since last request: 22.302677 seconds.
  path: Assets/Assets/Scenes
  artifactKey: Guid(c56111f4aac805840b4a3bb2484311d8) Importer(815301076,1909f56bfc062723c751e8b465ee728b)
Start importing Assets/Assets/Scenes using Guid(c56111f4aac805840b4a3bb2484311d8) Importer(815301076,1909f56bfc062723c751e8b465ee728b)  -> (artifact id: '2475fac8e17c9d3a1e73b59577ac4902') in 0.013890 seconds 
  Import took 0.018818 seconds .

========================================================================
Received Import Request.
  Time since last request: 0.805847 seconds.
  path: Assets/Assets/Scenes/Board.unity
  artifactKey: Guid(e9c3401578265c347beb008674b48c22) Importer(815301076,1909f56bfc062723c751e8b465ee728b)
Start importing Assets/Assets/Scenes/Board.unity using Guid(e9c3401578265c347beb008674b48c22) Importer(815301076,1909f56bfc062723c751e8b465ee728b)  -> (artifact id: 'cf55702ac4c402d3c4ef24d0e434594b') in 0.024008 seconds 
  Import took 0.029492 seconds .

========================================================================
Received Import Request.
  Time since last request: 2.214184 seconds.
  path: Assets/Assets/Scenes/Board
  artifactKey: Guid(6112d842377ccac4f80739fb88404ede) Importer(815301076,1909f56bfc062723c751e8b465ee728b)
Start importing Assets/Assets/Scenes/Board using Guid(6112d842377ccac4f80739fb88404ede) Importer(815301076,1909f56bfc062723c751e8b465ee728b)  -> (artifact id: 'cbcbf6663597ceb743d7dad4bb300cee') in 0.012795 seconds 
  Import took 0.022202 seconds .

========================================================================
Received Import Request.
  Time since last request: 58.978867 seconds.
  path: Assets/Assets/Art
  artifactKey: Guid(fbc120ab0ecc3d148ac49771136928fd) Importer(815301076,1909f56bfc062723c751e8b465ee728b)
Start importing Assets/Assets/Art using Guid(fbc120ab0ecc3d148ac49771136928fd) Importer(815301076,1909f56bfc062723c751e8b465ee728b)  -> (artifact id: 'e19939edfe256aa2c8f51d6a8c1cb654') in 0.009157 seconds 
  Import took 0.012354 seconds .

========================================================================
Received Import Request.
  Time since last request: 0.804195 seconds.
  path: Assets/Assets/Prefabs
  artifactKey: Guid(87f3e58e538b182438c141de63b17bfc) Importer(815301076,1909f56bfc062723c751e8b465ee728b)
Start importing Assets/Assets/Prefabs using Guid(87f3e58e538b182438c141de63b17bfc) Importer(815301076,1909f56bfc062723c751e8b465ee728b)  -> (artifact id: '3e8ecb9229f5948d709431ca60f85ecc') in 0.009720 seconds 
  Import took 0.012446 seconds .

========================================================================
Received Import Request.
  Time since last request: 4.370790 seconds.
  path: Assets/Scripts
  artifactKey: Guid(faf9083b724edc34897ae4eaaf82cedf) Importer(815301076,1909f56bfc062723c751e8b465ee728b)
Start importing Assets/Scripts using Guid(faf9083b724edc34897ae4eaaf82cedf) Importer(815301076,1909f56bfc062723c751e8b465ee728b)  -> (artifact id: '487adfd0ca57d1e58086d75c626831e7') in 0.008080 seconds 
  Import took 0.012419 seconds .

========================================================================
Received Import Request.
  Time since last request: 3.167473 seconds.
  path: Assets/StreamingAssets
  artifactKey: Guid(6bfdb499ea1569341a6132aa60ebd40c) Importer(815301076,1909f56bfc062723c751e8b465ee728b)
Start importing Assets/StreamingAssets using Guid(6bfdb499ea1569341a6132aa60ebd40c) Importer(815301076,1909f56bfc062723c751e8b465ee728b)  -> (artifact id: '5650c2a17ccafb46054ff5614eb10b4f') in 0.009479 seconds 
  Import took 0.012585 seconds .

========================================================================
Received Prepare
Registering precompiled user dll's ...
Registered in 0.040976 seconds.
Begin MonoManager ReloadAssembly
Native extension for WindowsStandalone target not found
Refreshing native plugins compatible for Editor in 2.37 ms, found 2 plugins.
Preloading 0 native plugins for Editor in 0.00 ms.
Mono: successfully reloaded assembly
- Completed reload, in  2.495 seconds
Domain Reload Profiling:
	ReloadAssembly (2498ms)
		BeginReloadAssembly (233ms)
			ExecutionOrderSort (0ms)
			DisableScriptedObjects (22ms)
			BackupInstance (0ms)
			ReleaseScriptingObjects (0ms)
			CreateAndSetChildDomain (97ms)
		EndReloadAssembly (2187ms)
			LoadAssemblies (121ms)
			RebuildTransferFunctionScriptingTraits (0ms)
			SetupTypeCache (1377ms)
			ReleaseScriptCaches (1ms)
			RebuildScriptCaches (49ms)
			SetupLoadedEditorAssemblies (494ms)
				LogAssemblyErrors (0ms)
				InitializePlatformSupportModulesInManaged (6ms)
				SetLoadedEditorAssemblies (1ms)
				RefreshPlugins (3ms)
				BeforeProcessingInitializeOnLoad (87ms)
				ProcessInitializeOnLoadAttributes (383ms)
				ProcessInitializeOnLoadMethodAttributes (5ms)
				AfterProcessingInitializeOnLoad (9ms)
				EditorAssembliesLoaded (0ms)
			ExecutionOrderSort2 (0ms)
			AwakeInstancesAfterBackupRestoration (8ms)
Platform modules already initialized, skipping
Refreshing native plugins compatible for Editor in 0.41 ms, found 2 plugins.
Preloading 0 native plugins for Editor in 0.00 ms.
Unloading 1435 Unused Serialized files (Serialized files now loaded: 0)
System memory in use before: 68.1 MB.
System memory in use after: 68.2 MB.

Unloading 11 unused Assets to reduce memory usage. Loaded Objects now: 1908.
Total: 3.857500 ms (FindLiveObjects: 0.379500 ms CreateObjectMapping: 0.118200 ms MarkObjects: 3.330300 ms  DeleteObjects: 0.027800 ms)

AssetImportParameters requested are different than current active one (requested -> active):
  custom:framework-win-MediaFoundation: 216162199b28c13a410421893ffa2e32 -> 
  custom:video-decoder-ogg-theora: a1e56fd34408186e4bbccfd4996cb3dc -> 
  custom:container-muxer-webm: aa71ff27fc2769a1b78a27578f13a17b -> 
  custom:container-demuxer-webm: 4f35f7cbe854078d1ac9338744f61a02 -> 
  custom:container-demuxer-ogg: 62fdf1f143b41e24485cea50d1cbac27 -> 
  custom:video-encoder-webm-vp8: eb34c28f22e8b96e1ab97ce403110664 -> 
  custom:video-decoder-webm-vp8: 9c59270c3fd7afecdb556c50c9e8de78 -> 
  custom:audio-decoder-ogg-vorbis: bf7c407c2cedff20999df2af8eb42d56 -> 
  custom:audio-encoder-webm-vorbis: bf7c407c2cedff20999df2af8eb42d56 -> 
========================================================================
Received Import Request.
  Time since last request: 8254.074862 seconds.
  path: Assets/Scenes/Testing
  artifactKey: Guid(2f683235563254570b2fd45aea7afccd) Importer(815301076,1909f56bfc062723c751e8b465ee728b)
Start importing Assets/Scenes/Testing using Guid(2f683235563254570b2fd45aea7afccd) Importer(815301076,1909f56bfc062723c751e8b465ee728b)  -> (artifact id: 'e7e8919b754e98da0d902936c1f4764b') in 0.012366 seconds 
  Import took 0.015593 seconds .

========================================================================
Received Import Request.
  Time since last request: 1.087759 seconds.
  path: Assets/Scenes/Testing/Book.unity
  artifactKey: Guid(70390e8121d9f4c808041b341f81a9b9) Importer(815301076,1909f56bfc062723c751e8b465ee728b)
Start importing Assets/Scenes/Testing/Book.unity using Guid(70390e8121d9f4c808041b341f81a9b9) Importer(815301076,1909f56bfc062723c751e8b465ee728b)  -> (artifact id: 'f14053c19974920d4b10ecc35ac7a1f2') in 0.033263 seconds 
  Import took 0.036646 seconds .

========================================================================
Received Import Request.
  Time since last request: 23.190676 seconds.
  path: Assets/Scenes/Testing/Perft.unity
  artifactKey: Guid(886c08f009aa6468db2a38ad2bd0ac6b) Importer(815301076,1909f56bfc062723c751e8b465ee728b)
Start importing Assets/Scenes/Testing/Perft.unity using Guid(886c08f009aa6468db2a38ad2bd0ac6b) Importer(815301076,1909f56bfc062723c751e8b465ee728b)  -> (artifact id: 'd06b7cbd0db623ccfcfa89c0ed293524') in 0.009259 seconds 
  Import took 0.014479 seconds .

========================================================================
Received Import Request.
  Time since last request: 1.085999 seconds.
  path: Assets/Scenes/Testing/Game Viewer.unity
  artifactKey: Guid(536579cf5c91d4118b4abb1453090e60) Importer(815301076,1909f56bfc062723c751e8b465ee728b)
Start importing Assets/Scenes/Testing/Game Viewer.unity using Guid(536579cf5c91d4118b4abb1453090e60) Importer(815301076,1909f56bfc062723c751e8b465ee728b)  -> (artifact id: 'e99ba7efe18719b565813119337a98de') in 0.008952 seconds 
  Import took 0.012131 seconds .

AssetImportWorkerClient::OnTransportError - code=2 error=End of file
